2025-03-22 09:45:21,884 - Loaded 0 disclosures from uploads/custom_disclosures.json
2025-03-22 09:45:21,884 - Loading model file: finra_compliance_model.pth
2025-03-22 09:45:21,884 - Last modified: 2025-03-16 13:40:01.898724
2025-03-22 09:45:21,884 - File size: 417.73 MB
2025-03-22 09:45:23,014 - BERT model initialized successfully
2025-03-22 09:45:24,434 - Incoming Request: Path=/, Method=GET
2025-03-22 09:45:24,435 - Logged-in user: riley.r.giauque@gmail.com
2025-03-22 09:45:24,467 - Incoming Request: Path=/logo.png, Method=GET
2025-03-22 09:45:24,468 - Incoming Request: Path=/globe.mp4, Method=GET
2025-03-22 09:45:24,488 - Incoming Request: Path=/api/current-user, Method=GET
2025-03-22 09:45:24,489 - Session user_email: riley.r.giauque@gmail.com
2025-03-22 09:45:24,491 - Incoming Request: Path=/api/check_subscription, Method=GET
2025-03-22 09:45:24,491 - AccessEndDate for riley.r.giauque@gmail.com: 2025-04-12
2025-03-22 09:45:24,493 - Incoming Request: Path=/api/current-user, Method=GET
2025-03-22 09:45:24,493 - Session user_email: riley.r.giauque@gmail.com
2025-03-22 09:45:24,493 - AccessEndDate for riley.r.giauque@gmail.com: 2025-04-12
2025-03-22 09:45:24,494 - Incoming Request: Path=/api/current-user, Method=GET
2025-03-22 09:45:24,495 - Session user_email: riley.r.giauque@gmail.com
2025-03-22 09:45:24,495 - AccessEndDate for riley.r.giauque@gmail.com: 2025-04-12
2025-03-22 09:45:24,497 - Incoming Request: Path=/api/current-user, Method=GET
2025-03-22 09:45:24,497 - Session user_email: riley.r.giauque@gmail.com
2025-03-22 09:45:24,497 - AccessEndDate for riley.r.giauque@gmail.com: 2025-04-12
2025-03-22 09:45:29,115 - Incoming Request: Path=/login, Method=GET
2025-03-22 09:45:29,140 - Incoming Request: Path=/logo.png, Method=GET
2025-03-22 09:45:32,552 - Incoming Request: Path=/reset-password, Method=GET
2025-03-22 09:45:32,570 - Incoming Request: Path=/logo.png, Method=GET
2025-03-22 09:45:35,853 - Incoming Request: Path=/reset-password, Method=POST
2025-03-22 09:46:08,302 - Incoming Request: Path=/reset-password, Method=POST
2025-03-22 09:49:26,998 - Loaded 0 disclosures from uploads/custom_disclosures.json
2025-03-22 09:49:26,998 - Loading model file: finra_compliance_model.pth
2025-03-22 09:49:26,998 - Last modified: 2025-03-16 13:40:01.898724
2025-03-22 09:49:26,998 - File size: 417.73 MB
2025-03-22 09:49:28,117 - BERT model initialized successfully
2025-03-22 09:49:34,188 - Incoming Request: Path=/, Method=GET
2025-03-22 09:49:34,189 - Logged-in user: riley.r.giauque@gmail.com
2025-03-22 09:49:34,213 - Incoming Request: Path=/logo.png, Method=GET
2025-03-22 09:49:34,220 - Incoming Request: Path=/api/current-user, Method=GET
2025-03-22 09:49:34,221 - Session user_email: riley.r.giauque@gmail.com
2025-03-22 09:49:34,221 - Incoming Request: Path=/api/check_subscription, Method=GET
2025-03-22 09:49:34,223 - AccessEndDate for riley.r.giauque@gmail.com: 2025-04-12
2025-03-22 09:49:34,225 - Incoming Request: Path=/api/current-user, Method=GET
2025-03-22 09:49:34,225 - Session user_email: riley.r.giauque@gmail.com
2025-03-22 09:49:34,226 - AccessEndDate for riley.r.giauque@gmail.com: 2025-04-12
2025-03-22 09:49:34,228 - Incoming Request: Path=/api/current-user, Method=GET
2025-03-22 09:49:34,228 - Session user_email: riley.r.giauque@gmail.com
2025-03-22 09:49:34,228 - AccessEndDate for riley.r.giauque@gmail.com: 2025-04-12
2025-03-22 09:49:34,229 - Incoming Request: Path=/api/current-user, Method=GET
2025-03-22 09:49:34,229 - Session user_email: riley.r.giauque@gmail.com
2025-03-22 09:49:34,229 - AccessEndDate for riley.r.giauque@gmail.com: 2025-04-12
2025-03-22 09:49:34,378 - Incoming Request: Path=/globe.mp4, Method=GET
2025-03-22 09:49:36,834 - Incoming Request: Path=/login, Method=GET
2025-03-22 09:49:36,856 - Incoming Request: Path=/logo.png, Method=GET
2025-03-22 09:49:40,103 - Incoming Request: Path=/reset-password, Method=GET
2025-03-22 09:49:40,119 - Incoming Request: Path=/logo.png, Method=GET
2025-03-22 09:49:48,791 - Incoming Request: Path=/reset-password, Method=POST
2025-03-22 09:49:49,216 - Reset email sent to riley.r.giauque@gmail.com, status code: 202
2025-03-22 09:51:06,220 - Loaded 0 disclosures from uploads/custom_disclosures.json
2025-03-22 09:51:06,220 - Loading model file: finra_compliance_model.pth
2025-03-22 09:51:06,220 - Last modified: 2025-03-16 13:40:01.898724
2025-03-22 09:51:06,221 - File size: 417.73 MB
2025-03-22 09:51:06,591 - BERT model initialized successfully
2025-03-22 09:51:17,640 - Incoming Request: Path=/, Method=GET
2025-03-22 09:51:17,640 - Logged-in user: riley.r.giauque@gmail.com
2025-03-22 09:51:17,665 - Incoming Request: Path=/logo.png, Method=GET
2025-03-22 09:51:17,672 - Incoming Request: Path=/api/current-user, Method=GET
2025-03-22 09:51:17,673 - Session user_email: riley.r.giauque@gmail.com
2025-03-22 09:51:17,673 - Incoming Request: Path=/api/check_subscription, Method=GET
2025-03-22 09:51:17,674 - AccessEndDate for riley.r.giauque@gmail.com: 2025-04-12
2025-03-22 09:51:17,676 - Incoming Request: Path=/api/current-user, Method=GET
2025-03-22 09:51:17,676 - Session user_email: riley.r.giauque@gmail.com
2025-03-22 09:51:17,676 - AccessEndDate for riley.r.giauque@gmail.com: 2025-04-12
2025-03-22 09:51:17,678 - Incoming Request: Path=/api/current-user, Method=GET
2025-03-22 09:51:17,678 - Session user_email: riley.r.giauque@gmail.com
2025-03-22 09:51:17,678 - AccessEndDate for riley.r.giauque@gmail.com: 2025-04-12
2025-03-22 09:51:17,679 - Incoming Request: Path=/api/current-user, Method=GET
2025-03-22 09:51:17,679 - Session user_email: riley.r.giauque@gmail.com
2025-03-22 09:51:17,680 - AccessEndDate for riley.r.giauque@gmail.com: 2025-04-12
2025-03-22 09:51:17,872 - Incoming Request: Path=/globe.mp4, Method=GET
2025-03-22 09:51:19,847 - Incoming Request: Path=/login, Method=GET
2025-03-22 09:51:19,870 - Incoming Request: Path=/logo.png, Method=GET
2025-03-22 09:51:24,115 - Incoming Request: Path=/reset-password, Method=GET
2025-03-22 09:51:24,133 - Incoming Request: Path=/logo.png, Method=GET
2025-03-22 09:51:27,180 - Incoming Request: Path=/reset-password, Method=POST
2025-03-22 09:51:34,051 - Incoming Request: Path=/reset, Method=GET
2025-03-22 09:51:34,077 - Incoming Request: Path=/logo.png, Method=GET
2025-03-22 09:51:38,806 - Incoming Request: Path=/reset, Method=POST
2025-03-22 09:51:38,818 - Incoming Request: Path=/logo.png, Method=GET
2025-03-22 09:51:41,826 - Incoming Request: Path=/login, Method=GET
2025-03-22 09:51:41,842 - Incoming Request: Path=/logo.png, Method=GET
2025-03-22 09:51:45,665 - Incoming Request: Path=/login, Method=POST
2025-03-22 09:51:46,480 - Incoming Request: Path=/, Method=GET
2025-03-22 09:51:46,481 - Logged-in user: riley.r.giauque@gmail.com
2025-03-22 09:51:46,496 - Incoming Request: Path=/logo.png, Method=GET
2025-03-22 09:51:46,498 - Incoming Request: Path=/globe.mp4, Method=GET
2025-03-22 09:51:46,501 - Incoming Request: Path=/api/current-user, Method=GET
2025-03-22 09:51:46,502 - Session user_email: riley.r.giauque@gmail.com
2025-03-22 09:51:46,502 - Incoming Request: Path=/api/check_subscription, Method=GET
2025-03-22 09:51:46,503 - AccessEndDate for riley.r.giauque@gmail.com: 2025-04-12
2025-03-22 09:51:46,505 - Incoming Request: Path=/api/current-user, Method=GET
2025-03-22 09:51:46,505 - Session user_email: riley.r.giauque@gmail.com
2025-03-22 09:51:46,505 - AccessEndDate for riley.r.giauque@gmail.com: 2025-04-12
2025-03-22 09:51:46,507 - Incoming Request: Path=/api/current-user, Method=GET
2025-03-22 09:51:46,507 - Session user_email: riley.r.giauque@gmail.com
2025-03-22 09:51:46,508 - AccessEndDate for riley.r.giauque@gmail.com: 2025-04-12
2025-03-22 09:51:46,510 - Incoming Request: Path=/api/current-user, Method=GET
2025-03-22 09:51:46,510 - Session user_email: riley.r.giauque@gmail.com
2025-03-22 09:51:46,510 - AccessEndDate for riley.r.giauque@gmail.com: 2025-04-12
